1504931658138	geckodriver	INFO	geckodriver 0.18.0
1504931658143	geckodriver	INFO	Listening on 127.0.0.1:56919
1504931660171	geckodriver::marionette	INFO	Starting browser c:/Program Files/Mozilla Firefox/firefox.exe with args ["-marionette"]
1504931660298	addons.manager	DEBUG	Application has been upgraded
1504931660320	addons.manager	DEBUG	Loaded provider scope for resource://gre/modules/addons/XPIProvider.jsm: ["XPIProvider", "XPIInternal"]
1504931660322	addons.manager	DEBUG	Loaded provider scope for resource://gre/modules/LightweightThemeManager.jsm: ["LightweightThemeManager"]
1504931660342	addons.manager	DEBUG	Loaded provider scope for resource://gre/modules/addons/GMPProvider.jsm
1504931660344	addons.manager	DEBUG	Loaded provider scope for resource://gre/modules/addons/PluginProvider.jsm
1504931660344	addons.manager	DEBUG	Starting provider: XPIProvider
1504931660344	addons.xpi	DEBUG	startup
1504931660345	addons.xpi	INFO	SystemAddonInstallLocation directory is missing
1504931660345	addons.xpi	INFO	Removing all system add-on upgrades.
1504931660346	addons.xpi	DEBUG	checkForChanges
1504931660346	addons.xpi	WARN	Error parsing extensions state: [Exception... "Component returned failure code: 0x80520012 (NS_ERROR_FILE_NOT_FOUND) [amIAddonManagerStartup.readStartupData]"  nsresult: "0x80520012 (NS_ERROR_FILE_NOT_FOUND)"  location: "JS frame :: resource://gre/modules/addons/XPIProvider.jsm :: loadExtensionState :: line 1596"  data: no] Stack trace: loadExtensionState()@resource://gre/modules/addons/XPIProvider.jsm:1596 < getInstallState()@resource://gre/modules/addons/XPIProvider.jsm:1631 < checkForChanges()@resource://gre/modules/addons/XPIProvider.jsm:3152 < startup()@resource://gre/modules/addons/XPIProvider.jsm:2246 < callProvider()@resource://gre/modules/AddonManager.jsm:271 < _startProvider()@resource://gre/modules/AddonManager.jsm:741 < startup()@resource://gre/modules/AddonManager.jsm:908 < startup()@resource://gre/modules/AddonManager.jsm:3122 < observe()@jar:file:///c:/Program%20Files/Mozilla%20Firefox/omni.ja!/components/addonManager.js:65
1504931660348	addons.xpi	DEBUG	Loaded add-on state: ${}
1504931660349	addons.xpi	INFO	Mapping aushelper@mozilla.org to c:\Program Files\Mozilla Firefox\browser\features\aushelper@mozilla.org.xpi
1504931660349	addons.xpi	INFO	Mapping clicktoplay-rollout@mozilla.org to c:\Program Files\Mozilla Firefox\browser\features\clicktoplay-rollout@mozilla.org.xpi
1504931660349	addons.xpi	INFO	Mapping e10srollout@mozilla.org to c:\Program Files\Mozilla Firefox\browser\features\e10srollout@mozilla.org.xpi
1504931660349	addons.xpi	INFO	Mapping firefox@getpocket.com to c:\Program Files\Mozilla Firefox\browser\features\firefox@getpocket.com.xpi
1504931660349	addons.xpi	INFO	Mapping followonsearch@mozilla.com to c:\Program Files\Mozilla Firefox\browser\features\followonsearch@mozilla.com.xpi
1504931660349	addons.xpi	INFO	Mapping screenshots@mozilla.org to c:\Program Files\Mozilla Firefox\browser\features\screenshots@mozilla.org.xpi
1504931660350	addons.xpi	INFO	Mapping shield-recipe-client@mozilla.org to c:\Program Files\Mozilla Firefox\browser\features\shield-recipe-client@mozilla.org.xpi
1504931660350	addons.xpi	INFO	Mapping webcompat@mozilla.org to c:\Program Files\Mozilla Firefox\browser\features\webcompat@mozilla.org.xpi
1504931660350	addons.xpi	DEBUG	New add-on aushelper@mozilla.org in app-system-defaults
1504931660350	addons.xpi	INFO	Mapping aushelper@mozilla.org to c:\Program Files\Mozilla Firefox\browser\features\aushelper@mozilla.org.xpi
1504931660351	addons.xpi	DEBUG	New add-on clicktoplay-rollout@mozilla.org in app-system-defaults
1504931660351	addons.xpi	INFO	Mapping clicktoplay-rollout@mozilla.org to c:\Program Files\Mozilla Firefox\browser\features\clicktoplay-rollout@mozilla.org.xpi
1504931660351	addons.xpi	DEBUG	New add-on e10srollout@mozilla.org in app-system-defaults
1504931660352	addons.xpi	INFO	Mapping e10srollout@mozilla.org to c:\Program Files\Mozilla Firefox\browser\features\e10srollout@mozilla.org.xpi
1504931660352	addons.xpi	DEBUG	New add-on firefox@getpocket.com in app-system-defaults
1504931660352	addons.xpi	INFO	Mapping firefox@getpocket.com to c:\Program Files\Mozilla Firefox\browser\features\firefox@getpocket.com.xpi
1504931660352	addons.xpi	DEBUG	New add-on followonsearch@mozilla.com in app-system-defaults
1504931660352	addons.xpi	INFO	Mapping followonsearch@mozilla.com to c:\Program Files\Mozilla Firefox\browser\features\followonsearch@mozilla.com.xpi
1504931660352	addons.xpi	DEBUG	New add-on screenshots@mozilla.org in app-system-defaults
1504931660352	addons.xpi	INFO	Mapping screenshots@mozilla.org to c:\Program Files\Mozilla Firefox\browser\features\screenshots@mozilla.org.xpi
1504931660353	addons.xpi	DEBUG	New add-on shield-recipe-client@mozilla.org in app-system-defaults
1504931660353	addons.xpi	INFO	Mapping shield-recipe-client@mozilla.org to c:\Program Files\Mozilla Firefox\browser\features\shield-recipe-client@mozilla.org.xpi
1504931660353	addons.xpi	DEBUG	New add-on webcompat@mozilla.org in app-system-defaults
1504931660353	addons.xpi	INFO	Mapping webcompat@mozilla.org to c:\Program Files\Mozilla Firefox\browser\features\webcompat@mozilla.org.xpi
1504931660354	addons.xpi	INFO	Mapping {972ce4c6-7e08-4474-a285-3208198ce6fd} to c:\Program Files\Mozilla Firefox\browser\extensions\{972ce4c6-7e08-4474-a285-3208198ce6fd}.xpi
1504931660354	addons.xpi	DEBUG	New add-on {972ce4c6-7e08-4474-a285-3208198ce6fd} in app-global
1504931660354	addons.xpi	INFO	Mapping {972ce4c6-7e08-4474-a285-3208198ce6fd} to c:\Program Files\Mozilla Firefox\browser\extensions\{972ce4c6-7e08-4474-a285-3208198ce6fd}.xpi
1504931660354	addons.xpi	DEBUG	getInstallState changed: true, state: {}
1504931660354	addons.xpi	INFO	SystemAddonInstallLocation directory is missing
1504931660359	addons.xpi-utils	DEBUG	Opening XPI database C:\Users\dwringer\AppData\Local\Temp\rust_mozprofile.Jn9iuyF90iqv\extensions.json
1504931660360	addons.xpi-utils	DEBUG	New add-on aushelper@mozilla.org installed in app-system-defaults
*** Blocklist::_loadBlocklistFromFile: blocklist is disabled
1504931660376	DeferredSave.extensions.json	DEBUG	Save changes
1504931660377	addons.xpi-utils	DEBUG	New add-on clicktoplay-rollout@mozilla.org installed in app-system-defaults
1504931660379	DeferredSave.extensions.json	DEBUG	Starting timer
1504931660380	DeferredSave.extensions.json	DEBUG	Save changes
1504931660380	addons.xpi-utils	DEBUG	New add-on e10srollout@mozilla.org installed in app-system-defaults
1504931660383	DeferredSave.extensions.json	DEBUG	Save changes
1504931660383	addons.xpi-utils	DEBUG	New add-on firefox@getpocket.com installed in app-system-defaults
1504931660386	DeferredSave.extensions.json	DEBUG	Save changes
1504931660386	addons.xpi-utils	DEBUG	New add-on followonsearch@mozilla.com installed in app-system-defaults
1504931660388	DeferredSave.extensions.json	DEBUG	Save changes
1504931660388	addons.xpi-utils	DEBUG	New add-on screenshots@mozilla.org installed in app-system-defaults
1504931660393	DeferredSave.extensions.json	DEBUG	Save changes
1504931660393	addons.xpi-utils	DEBUG	New add-on shield-recipe-client@mozilla.org installed in app-system-defaults
1504931660396	DeferredSave.extensions.json	DEBUG	Save changes
1504931660396	addons.xpi-utils	DEBUG	New add-on webcompat@mozilla.org installed in app-system-defaults
1504931660398	DeferredSave.extensions.json	DEBUG	Save changes
1504931660398	addons.xpi-utils	DEBUG	New add-on {972ce4c6-7e08-4474-a285-3208198ce6fd} installed in app-global
1504931660400	DeferredSave.extensions.json	DEBUG	Save changes
1504931660400	addons.manager	DEBUG	Registering startup change 'installed' for aushelper@mozilla.org
1504931660406	addons.xpi	DEBUG	Loading bootstrap scope from c:\Program Files\Mozilla Firefox\browser\features\aushelper@mozilla.org.xpi
1504931660408	addons.xpi	DEBUG	Calling bootstrap method install on aushelper@mozilla.org version 2.0
1504931660408	addons.xpi-utils	DEBUG	Make addon app-system-defaults:aushelper@mozilla.org visible
1504931660408	addons.xpi	DEBUG	Updating XPIState for {"id":"aushelper@mozilla.org","syncGUID":"{d5e5dbf2-90f4-4414-bfcf-74e28f60b09f}","location":"app-system-defaults","version":"2.0","type":"extension","internalName":null,"updateURL":null,"updateKey":null,"optionsURL":null,"optionsType":null,"aboutURL":null,"defaultLocale":{"name":"Application Update Service Helper","description":"Sets value(s) in the update url based on custom checks.","creator":null,"homepageURL":null},"visible":true,"active":false,"userDisabled":false,"appDisabled":false,"installDate":1503583803000,"updateDate":1503583803000,"applyBackgroundUpdates":1,"bootstrap":true,"path":"c:\\Program Files\\Mozilla Firefox\\browser\\features\\aushelper@mozilla.org.xpi","skinnable":false,"size":8488,"sourceURI":null,"releaseNotesURI":null,"softDisabled":false,"foreignInstall":false,"hasBinaryComponents":false,"strictCompatibility":false,"locales":[],"targetApplications":[{"id":"{ec8030f7-c20a-464f-9b0e-13a3a9e97384}","minVersion":"55.0.3","maxVersion":"55.*"}],"targetPlatforms":[],"multiprocessCompatible":true,"seen":true,"dependencies":[],"hasEmbeddedWebExtension":false,"mpcOptedOut":false,"userPermissions":null,"icons":{},"iconURL":null,"icon64URL":null}
1504931660410	DeferredSave.extensions.json	DEBUG	Save changes
1504931660410	addons.manager	DEBUG	Registering startup change 'installed' for clicktoplay-rollout@mozilla.org
1504931660411	addons.xpi	DEBUG	Loading bootstrap scope from c:\Program Files\Mozilla Firefox\browser\features\clicktoplay-rollout@mozilla.org.xpi
1504931660419	addons.xpi	DEBUG	Calling bootstrap method install on clicktoplay-rollout@mozilla.org version 1.2
1504931660419	addons.xpi-utils	DEBUG	Make addon app-system-defaults:clicktoplay-rollout@mozilla.org visible
1504931660419	addons.xpi	DEBUG	Updating XPIState for {"id":"clicktoplay-rollout@mozilla.org","syncGUID":"{ca11e56c-11e9-4f53-a91f-4d08759e22de}","location":"app-system-defaults","version":"1.2","type":"extension","internalName":null,"updateURL":null,"updateKey":null,"optionsURL":null,"optionsType":null,"aboutURL":null,"defaultLocale":{"name":"Click-to-Play staged rollout","description":"Staged rollout for Click-to-Play Flash.","creator":null,"homepageURL":null},"visible":true,"active":false,"userDisabled":false,"appDisabled":false,"installDate":1503583803000,"updateDate":1503583803000,"applyBackgroundUpdates":1,"bootstrap":true,"path":"c:\\Program Files\\Mozilla Firefox\\browser\\features\\clicktoplay-rollout@mozilla.org.xpi","skinnable":false,"size":5621,"sourceURI":null,"releaseNotesURI":null,"softDisabled":false,"foreignInstall":false,"hasBinaryComponents":false,"strictCompatibility":false,"locales":[],"targetApplications":[{"id":"{ec8030f7-c20a-464f-9b0e-13a3a9e97384}","minVersion":"55.0.3","maxVersion":"55.*"}],"targetPlatforms":[],"multiprocessCompatible":true,"seen":true,"dependencies":[],"hasEmbeddedWebExtension":false,"mpcOptedOut":false,"userPermissions":null,"icons":{},"iconURL":null,"icon64URL":null}
1504931660420	DeferredSave.extensions.json	DEBUG	Save changes
1504931660420	addons.manager	DEBUG	Registering startup change 'installed' for e10srollout@mozilla.org
1504931660420	addons.xpi	DEBUG	Loading bootstrap scope from c:\Program Files\Mozilla Firefox\browser\features\e10srollout@mozilla.org.xpi
1504931660422	addons.xpi	DEBUG	Calling bootstrap method install on e10srollout@mozilla.org version 2.0
1504931660423	addons.xpi-utils	DEBUG	Make addon app-system-defaults:e10srollout@mozilla.org visible
1504931660423	addons.xpi	DEBUG	Updating XPIState for {"id":"e10srollout@mozilla.org","syncGUID":"{545960ac-3cc3-4bd1-91ef-028321076386}","location":"app-system-defaults","version":"2.0","type":"extension","internalName":null,"updateURL":null,"updateKey":null,"optionsURL":null,"optionsType":null,"aboutURL":null,"defaultLocale":{"name":"Multi-process staged rollout","description":"Staged rollout of Firefox multi-process feature.","creator":null,"homepageURL":null},"visible":true,"active":false,"userDisabled":false,"appDisabled":false,"installDate":1503583803000,"updateDate":1503583803000,"applyBackgroundUpdates":1,"bootstrap":true,"path":"c:\\Program Files\\Mozilla Firefox\\browser\\features\\e10srollout@mozilla.org.xpi","skinnable":false,"size":13287,"sourceURI":null,"releaseNotesURI":null,"softDisabled":false,"foreignInstall":false,"hasBinaryComponents":false,"strictCompatibility":false,"locales":[],"targetApplications":[{"id":"{ec8030f7-c20a-464f-9b0e-13a3a9e97384}","minVersion":"55.0.3","maxVersion":"55.*"}],"targetPlatforms":[],"multiprocessCompatible":true,"seen":true,"dependencies":[],"hasEmbeddedWebExtension":false,"mpcOptedOut":false,"userPermissions":null,"icons":{},"iconURL":null,"icon64URL":null}
1504931660423	DeferredSave.extensions.json	DEBUG	Save changes
1504931660423	addons.manager	DEBUG	Registering startup change 'installed' for firefox@getpocket.com
1504931660424	addons.xpi	DEBUG	Loading bootstrap scope from c:\Program Files\Mozilla Firefox\browser\features\firefox@getpocket.com.xpi
1504931660427	addons.xpi	DEBUG	Calling bootstrap method install on firefox@getpocket.com version 1.0.5
1504931660427	addons.xpi-utils	DEBUG	Make addon app-system-defaults:firefox@getpocket.com visible
1504931660427	addons.xpi	DEBUG	Updating XPIState for {"id":"firefox@getpocket.com","syncGUID":"{01ef8971-7553-4a29-9c6f-6a99c8f98e81}","location":"app-system-defaults","version":"1.0.5","type":"extension","internalName":null,"updateURL":null,"updateKey":null,"optionsURL":null,"optionsType":null,"aboutURL":null,"defaultLocale":{"name":"Pocket","description":"When you find something you want to view later, put it in Pocket.","creator":null,"homepageURL":null},"visible":true,"active":false,"userDisabled":false,"appDisabled":false,"installDate":1503583803000,"updateDate":1503583803000,"applyBackgroundUpdates":1,"bootstrap":true,"path":"c:\\Program Files\\Mozilla Firefox\\browser\\features\\firefox@getpocket.com.xpi","skinnable":false,"size":862993,"sourceURI":null,"releaseNotesURI":null,"softDisabled":false,"foreignInstall":false,"hasBinaryComponents":false,"strictCompatibility":false,"locales":[],"targetApplications":[{"id":"{ec8030f7-c20a-464f-9b0e-13a3a9e97384}","minVersion":"55.0.3","maxVersion":"55.*"}],"targetPlatforms":[],"multiprocessCompatible":true,"seen":true,"dependencies":[],"hasEmbeddedWebExtension":false,"mpcOptedOut":false,"userPermissions":null,"icons":{},"iconURL":null,"icon64URL":null}
1504931660428	DeferredSave.extensions.json	DEBUG	Save changes
1504931660428	addons.manager	DEBUG	Registering startup change 'installed' for followonsearch@mozilla.com
1504931660428	addons.xpi	DEBUG	Loading bootstrap scope from c:\Program Files\Mozilla Firefox\browser\features\followonsearch@mozilla.com.xpi
1504931660430	addons.xpi	DEBUG	Calling bootstrap method install on followonsearch@mozilla.com version 0.9.1
1504931660430	addons.xpi-utils	DEBUG	Make addon app-system-defaults:followonsearch@mozilla.com visible
1504931660430	addons.xpi	DEBUG	Updating XPIState for {"id":"followonsearch@mozilla.com","syncGUID":"{750de39b-a42f-4b96-8a86-619a264e5a2c}","location":"app-system-defaults","version":"0.9.1","type":"extension","internalName":null,"updateURL":null,"updateKey":null,"optionsURL":null,"optionsType":null,"aboutURL":null,"defaultLocale":{"name":"Follow-on Search Telemetry","description":null,"creator":null,"homepageURL":null},"visible":true,"active":false,"userDisabled":false,"appDisabled":false,"installDate":1503583803000,"updateDate":1503583803000,"applyBackgroundUpdates":1,"bootstrap":true,"path":"c:\\Program Files\\Mozilla Firefox\\browser\\features\\followonsearch@mozilla.com.xpi","skinnable":false,"size":16730,"sourceURI":null,"releaseNotesURI":null,"softDisabled":false,"foreignInstall":false,"hasBinaryComponents":false,"strictCompatibility":false,"locales":[],"targetApplications":[{"id":"{ec8030f7-c20a-464f-9b0e-13a3a9e97384}","minVersion":"52.0","maxVersion":"59.*"}],"targetPlatforms":[],"multiprocessCompatible":true,"seen":true,"dependencies":[],"hasEmbeddedWebExtension":false,"mpcOptedOut":false,"userPermissions":null,"icons":{},"iconURL":null,"icon64URL":null}
1504931660430	DeferredSave.extensions.json	DEBUG	Save changes
1504931660430	addons.manager	DEBUG	Registering startup change 'installed' for screenshots@mozilla.org
1504931660431	addons.xpi	DEBUG	Loading bootstrap scope from c:\Program Files\Mozilla Firefox\browser\features\screenshots@mozilla.org.xpi
1504931660432	addons.xpi	DEBUG	Calling bootstrap method install on screenshots@mozilla.org version 10.12.0
1504931660432	addons.xpi-utils	DEBUG	Make addon app-system-defaults:screenshots@mozilla.org visible
1504931660432	addons.xpi	DEBUG	Updating XPIState for {"id":"screenshots@mozilla.org","syncGUID":"{92627359-b1b0-4eb3-92a4-faf231a66117}","location":"app-system-defaults","version":"10.12.0","type":"extension","internalName":null,"updateURL":null,"updateKey":null,"optionsURL":null,"optionsType":null,"aboutURL":null,"defaultLocale":{"name":"Firefox Screenshots","description":null,"creator":null,"homepageURL":"https://pageshot.net/"},"visible":true,"active":false,"userDisabled":false,"appDisabled":false,"installDate":1503583804000,"updateDate":1503583804000,"applyBackgroundUpdates":1,"bootstrap":true,"path":"c:\\Program Files\\Mozilla Firefox\\browser\\features\\screenshots@mozilla.org.xpi","skinnable":false,"size":714554,"sourceURI":null,"releaseNotesURI":null,"softDisabled":false,"foreignInstall":false,"hasBinaryComponents":false,"strictCompatibility":false,"locales":[],"targetApplications":[{"id":"{ec8030f7-c20a-464f-9b0e-13a3a9e97384}","minVersion":"51.0a1","maxVersion":"*"}],"targetPlatforms":[],"multiprocessCompatible":true,"seen":true,"dependencies":[],"hasEmbeddedWebExtension":false,"mpcOptedOut":false,"userPermissions":null,"icons":{},"iconURL":null,"icon64URL":null}
1504931660433	DeferredSave.extensions.json	DEBUG	Save changes
1504931660433	addons.manager	DEBUG	Registering startup change 'installed' for shield-recipe-client@mozilla.org
1504931660433	addons.xpi	DEBUG	Loading bootstrap scope from c:\Program Files\Mozilla Firefox\browser\features\shield-recipe-client@mozilla.org.xpi
1504931660434	addons.xpi	DEBUG	Calling bootstrap method install on shield-recipe-client@mozilla.org version 55.1
1504931660434	addons.xpi-utils	DEBUG	Make addon app-system-defaults:shield-recipe-client@mozilla.org visible
1504931660435	addons.xpi	DEBUG	Updating XPIState for {"id":"shield-recipe-client@mozilla.org","syncGUID":"{1603367e-24b4-4db8-b65a-cfeaf4034d70}","location":"app-system-defaults","version":"55.1","type":"extension","internalName":null,"updateURL":null,"updateKey":null,"optionsURL":null,"optionsType":null,"aboutURL":null,"defaultLocale":{"name":"Shield Recipe Client","description":"Client to download and run recipes for SHIELD, Heartbeat, etc.","creator":null,"homepageURL":null},"visible":true,"active":false,"userDisabled":false,"appDisabled":false,"installDate":1503583803000,"updateDate":1503583803000,"applyBackgroundUpdates":1,"bootstrap":true,"path":"c:\\Program Files\\Mozilla Firefox\\browser\\features\\shield-recipe-client@mozilla.org.xpi","skinnable":false,"size":140305,"sourceURI":null,"releaseNotesURI":null,"softDisabled":false,"foreignInstall":false,"hasBinaryComponents":false,"strictCompatibility":false,"locales":[],"targetApplications":[{"id":"{ec8030f7-c20a-464f-9b0e-13a3a9e97384}","minVersion":"55.0.3","maxVersion":"55.*"}],"targetPlatforms":[],"multiprocessCompatible":true,"seen":true,"dependencies":[],"hasEmbeddedWebExtension":false,"mpcOptedOut":false,"userPermissions":null,"icons":{},"iconURL":null,"icon64URL":null}
1504931660435	DeferredSave.extensions.json	DEBUG	Save changes
1504931660435	addons.manager	DEBUG	Registering startup change 'installed' for webcompat@mozilla.org
1504931660436	addons.xpi	DEBUG	Loading bootstrap scope from c:\Program Files\Mozilla Firefox\browser\features\webcompat@mozilla.org.xpi
1504931660437	addons.xpi	DEBUG	Calling bootstrap method install on webcompat@mozilla.org version 1.1
1504931660437	addons.xpi-utils	DEBUG	Make addon app-system-defaults:webcompat@mozilla.org visible
1504931660437	addons.xpi	DEBUG	Updating XPIState for {"id":"webcompat@mozilla.org","syncGUID":"{8e803682-2bcc-438a-ae38-335be814d85c}","location":"app-system-defaults","version":"1.1","type":"extension","internalName":null,"updateURL":null,"updateKey":null,"optionsURL":null,"optionsType":null,"aboutURL":null,"defaultLocale":{"name":"Web Compat","description":"Urgent post-release fixes for web compatibility.","creator":null,"homepageURL":null},"visible":true,"active":false,"userDisabled":false,"appDisabled":false,"installDate":1503583803000,"updateDate":1503583803000,"applyBackgroundUpdates":1,"bootstrap":true,"path":"c:\\Program Files\\Mozilla Firefox\\browser\\features\\webcompat@mozilla.org.xpi","skinnable":false,"size":8992,"sourceURI":null,"releaseNotesURI":null,"softDisabled":false,"foreignInstall":false,"hasBinaryComponents":false,"strictCompatibility":false,"locales":[],"targetApplications":[{"id":"{ec8030f7-c20a-464f-9b0e-13a3a9e97384}","minVersion":"55.0.3","maxVersion":"55.*"}],"targetPlatforms":[],"multiprocessCompatible":true,"seen":true,"dependencies":[],"hasEmbeddedWebExtension":false,"mpcOptedOut":false,"userPermissions":null,"icons":{},"iconURL":null,"icon64URL":null}
1504931660437	DeferredSave.extensions.json	DEBUG	Save changes
1504931660438	addons.xpi-utils	DEBUG	Make addon app-global:{972ce4c6-7e08-4474-a285-3208198ce6fd} visible
1504931660438	addons.xpi	DEBUG	Updating XPIState for {"id":"{972ce4c6-7e08-4474-a285-3208198ce6fd}","syncGUID":"{3824aad9-9d17-408a-829d-c9a0095403b5}","location":"app-global","version":"55.0.3","type":"theme","internalName":"classic/1.0","updateURL":null,"updateKey":null,"optionsURL":null,"optionsType":null,"optionsBrowserStyle":null,"aboutURL":null,"defaultLocale":{"name":"Default","description":"The default theme.","creator":"Mozilla","homepageURL":null,"contributors":["Mozilla Contributors"]},"visible":true,"active":false,"userDisabled":false,"appDisabled":false,"installDate":1503583803000,"updateDate":1503583803000,"applyBackgroundUpdates":1,"path":"c:\\Program Files\\Mozilla Firefox\\browser\\extensions\\{972ce4c6-7e08-4474-a285-3208198ce6fd}.xpi","skinnable":true,"size":7559,"sourceURI":null,"releaseNotesURI":null,"softDisabled":false,"foreignInstall":false,"hasBinaryComponents":false,"strictCompatibility":true,"locales":[],"targetApplications":[{"id":"{ec8030f7-c20a-464f-9b0e-13a3a9e97384}","minVersion":"55.0.3","maxVersion":"55.0.3"}],"targetPlatforms":[],"seen":true,"dependencies":[],"hasEmbeddedWebExtension":false,"userPermissions":null,"icons":{},"iconURL":"chrome://browser/content/default-theme-icon.svg","icon64URL":null}
1504931660438	DeferredSave.extensions.json	DEBUG	Save changes
1504931660438	addons.xpi	DEBUG	Updating XPIState for {"id":"aushelper@mozilla.org","syncGUID":"{d5e5dbf2-90f4-4414-bfcf-74e28f60b09f}","location":"app-system-defaults","version":"2.0","type":"extension","internalName":null,"updateURL":null,"updateKey":null,"optionsURL":null,"optionsType":null,"aboutURL":null,"defaultLocale":{"name":"Application Update Service Helper","description":"Sets value(s) in the update url based on custom checks.","creator":null,"homepageURL":null},"visible":true,"active":true,"userDisabled":false,"appDisabled":false,"installDate":1503583803000,"updateDate":1503583803000,"applyBackgroundUpdates":1,"bootstrap":true,"path":"c:\\Program Files\\Mozilla Firefox\\browser\\features\\aushelper@mozilla.org.xpi","skinnable":false,"size":8488,"sourceURI":null,"releaseNotesURI":null,"softDisabled":false,"foreignInstall":false,"hasBinaryComponents":false,"strictCompatibility":false,"locales":[],"targetApplications":[{"id":"{ec8030f7-c20a-464f-9b0e-13a3a9e97384}","minVersion":"55.0.3","maxVersion":"55.*"}],"targetPlatforms":[],"multiprocessCompatible":true,"seen":true,"dependencies":[],"hasEmbeddedWebExtension":false,"mpcOptedOut":false,"userPermissions":null,"icons":{},"iconURL":null,"icon64URL":null}
1504931660439	addons.xpi	DEBUG	Updating XPIState for {"id":"clicktoplay-rollout@mozilla.org","syncGUID":"{ca11e56c-11e9-4f53-a91f-4d08759e22de}","location":"app-system-defaults","version":"1.2","type":"extension","internalName":null,"updateURL":null,"updateKey":null,"optionsURL":null,"optionsType":null,"aboutURL":null,"defaultLocale":{"name":"Click-to-Play staged rollout","description":"Staged rollout for Click-to-Play Flash.","creator":null,"homepageURL":null},"visible":true,"active":true,"userDisabled":false,"appDisabled":false,"installDate":1503583803000,"updateDate":1503583803000,"applyBackgroundUpdates":1,"bootstrap":true,"path":"c:\\Program Files\\Mozilla Firefox\\browser\\features\\clicktoplay-rollout@mozilla.org.xpi","skinnable":false,"size":5621,"sourceURI":null,"releaseNotesURI":null,"softDisabled":false,"foreignInstall":false,"hasBinaryComponents":false,"strictCompatibility":false,"locales":[],"targetApplications":[{"id":"{ec8030f7-c20a-464f-9b0e-13a3a9e97384}","minVersion":"55.0.3","maxVersion":"55.*"}],"targetPlatforms":[],"multiprocessCompatible":true,"seen":true,"dependencies":[],"hasEmbeddedWebExtension":false,"mpcOptedOut":false,"userPermissions":null,"icons":{},"iconURL":null,"icon64URL":null}
1504931660439	addons.xpi	DEBUG	Updating XPIState for {"id":"e10srollout@mozilla.org","syncGUID":"{545960ac-3cc3-4bd1-91ef-028321076386}","location":"app-system-defaults","version":"2.0","type":"extension","internalName":null,"updateURL":null,"updateKey":null,"optionsURL":null,"optionsType":null,"aboutURL":null,"defaultLocale":{"name":"Multi-process staged rollout","description":"Staged rollout of Firefox multi-process feature.","creator":null,"homepageURL":null},"visible":true,"active":true,"userDisabled":false,"appDisabled":false,"installDate":1503583803000,"updateDate":1503583803000,"applyBackgroundUpdates":1,"bootstrap":true,"path":"c:\\Program Files\\Mozilla Firefox\\browser\\features\\e10srollout@mozilla.org.xpi","skinnable":false,"size":13287,"sourceURI":null,"releaseNotesURI":null,"softDisabled":false,"foreignInstall":false,"hasBinaryComponents":false,"strictCompatibility":false,"locales":[],"targetApplications":[{"id":"{ec8030f7-c20a-464f-9b0e-13a3a9e97384}","minVersion":"55.0.3","maxVersion":"55.*"}],"targetPlatforms":[],"multiprocessCompatible":true,"seen":true,"dependencies":[],"hasEmbeddedWebExtension":false,"mpcOptedOut":false,"userPermissions":null,"icons":{},"iconURL":null,"icon64URL":null}
1504931660439	addons.xpi	DEBUG	Updating XPIState for {"id":"firefox@getpocket.com","syncGUID":"{01ef8971-7553-4a29-9c6f-6a99c8f98e81}","location":"app-system-defaults","version":"1.0.5","type":"extension","internalName":null,"updateURL":null,"updateKey":null,"optionsURL":null,"optionsType":null,"aboutURL":null,"defaultLocale":{"name":"Pocket","description":"When you find something you want to view later, put it in Pocket.","creator":null,"homepageURL":null},"visible":true,"active":true,"userDisabled":false,"appDisabled":false,"installDate":1503583803000,"updateDate":1503583803000,"applyBackgroundUpdates":1,"bootstrap":true,"path":"c:\\Program Files\\Mozilla Firefox\\browser\\features\\firefox@getpocket.com.xpi","skinnable":false,"size":862993,"sourceURI":null,"releaseNotesURI":null,"softDisabled":false,"foreignInstall":false,"hasBinaryComponents":false,"strictCompatibility":false,"locales":[],"targetApplications":[{"id":"{ec8030f7-c20a-464f-9b0e-13a3a9e97384}","minVersion":"55.0.3","maxVersion":"55.*"}],"targetPlatforms":[],"multiprocessCompatible":true,"seen":true,"dependencies":[],"hasEmbeddedWebExtension":false,"mpcOptedOut":false,"userPermissions":null,"icons":{},"iconURL":null,"icon64URL":null}
1504931660439	addons.xpi	DEBUG	Updating XPIState for {"id":"followonsearch@mozilla.com","syncGUID":"{750de39b-a42f-4b96-8a86-619a264e5a2c}","location":"app-system-defaults","version":"0.9.1","type":"extension","internalName":null,"updateURL":null,"updateKey":null,"optionsURL":null,"optionsType":null,"aboutURL":null,"defaultLocale":{"name":"Follow-on Search Telemetry","description":null,"creator":null,"homepageURL":null},"visible":true,"active":true,"userDisabled":false,"appDisabled":false,"installDate":1503583803000,"updateDate":1503583803000,"applyBackgroundUpdates":1,"bootstrap":true,"path":"c:\\Program Files\\Mozilla Firefox\\browser\\features\\followonsearch@mozilla.com.xpi","skinnable":false,"size":16730,"sourceURI":null,"releaseNotesURI":null,"softDisabled":false,"foreignInstall":false,"hasBinaryComponents":false,"strictCompatibility":false,"locales":[],"targetApplications":[{"id":"{ec8030f7-c20a-464f-9b0e-13a3a9e97384}","minVersion":"52.0","maxVersion":"59.*"}],"targetPlatforms":[],"multiprocessCompatible":true,"seen":true,"dependencies":[],"hasEmbeddedWebExtension":false,"mpcOptedOut":false,"userPermissions":null,"icons":{},"iconURL":null,"icon64URL":null}
1504931660440	addons.xpi	DEBUG	Updating XPIState for {"id":"screenshots@mozilla.org","syncGUID":"{92627359-b1b0-4eb3-92a4-faf231a66117}","location":"app-system-defaults","version":"10.12.0","type":"extension","internalName":null,"updateURL":null,"updateKey":null,"optionsURL":null,"optionsType":null,"aboutURL":null,"defaultLocale":{"name":"Firefox Screenshots","description":null,"creator":null,"homepageURL":"https://pageshot.net/"},"visible":true,"active":true,"userDisabled":false,"appDisabled":false,"installDate":1503583804000,"updateDate":1503583804000,"applyBackgroundUpdates":1,"bootstrap":true,"path":"c:\\Program Files\\Mozilla Firefox\\browser\\features\\screenshots@mozilla.org.xpi","skinnable":false,"size":714554,"sourceURI":null,"releaseNotesURI":null,"softDisabled":false,"foreignInstall":false,"hasBinaryComponents":false,"strictCompatibility":false,"locales":[],"targetApplications":[{"id":"{ec8030f7-c20a-464f-9b0e-13a3a9e97384}","minVersion":"51.0a1","maxVersion":"*"}],"targetPlatforms":[],"multiprocessCompatible":true,"seen":true,"dependencies":[],"hasEmbeddedWebExtension":false,"mpcOptedOut":false,"userPermissions":null,"icons":{},"iconURL":null,"icon64URL":null}
1504931660440	addons.xpi	DEBUG	Updating XPIState for {"id":"shield-recipe-client@mozilla.org","syncGUID":"{1603367e-24b4-4db8-b65a-cfeaf4034d70}","location":"app-system-defaults","version":"55.1","type":"extension","internalName":null,"updateURL":null,"updateKey":null,"optionsURL":null,"optionsType":null,"aboutURL":null,"defaultLocale":{"name":"Shield Recipe Client","description":"Client to download and run recipes for SHIELD, Heartbeat, etc.","creator":null,"homepageURL":null},"visible":true,"active":true,"userDisabled":false,"appDisabled":false,"installDate":1503583803000,"updateDate":1503583803000,"applyBackgroundUpdates":1,"bootstrap":true,"path":"c:\\Program Files\\Mozilla Firefox\\browser\\features\\shield-recipe-client@mozilla.org.xpi","skinnable":false,"size":140305,"sourceURI":null,"releaseNotesURI":null,"softDisabled":false,"foreignInstall":false,"hasBinaryComponents":false,"strictCompatibility":false,"locales":[],"targetApplications":[{"id":"{ec8030f7-c20a-464f-9b0e-13a3a9e97384}","minVersion":"55.0.3","maxVersion":"55.*"}],"targetPlatforms":[],"multiprocessCompatible":true,"seen":true,"dependencies":[],"hasEmbeddedWebExtension":false,"mpcOptedOut":false,"userPermissions":null,"icons":{},"iconURL":null,"icon64URL":null}
1504931660440	addons.xpi	DEBUG	Updating XPIState for {"id":"webcompat@mozilla.org","syncGUID":"{8e803682-2bcc-438a-ae38-335be814d85c}","location":"app-system-defaults","version":"1.1","type":"extension","internalName":null,"updateURL":null,"updateKey":null,"optionsURL":null,"optionsType":null,"aboutURL":null,"defaultLocale":{"name":"Web Compat","description":"Urgent post-release fixes for web compatibility.","creator":null,"homepageURL":null},"visible":true,"active":true,"userDisabled":false,"appDisabled":false,"installDate":1503583803000,"updateDate":1503583803000,"applyBackgroundUpdates":1,"bootstrap":true,"path":"c:\\Program Files\\Mozilla Firefox\\browser\\features\\webcompat@mozilla.org.xpi","skinnable":false,"size":8992,"sourceURI":null,"releaseNotesURI":null,"softDisabled":false,"foreignInstall":false,"hasBinaryComponents":false,"strictCompatibility":false,"locales":[],"targetApplications":[{"id":"{ec8030f7-c20a-464f-9b0e-13a3a9e97384}","minVersion":"55.0.3","maxVersion":"55.*"}],"targetPlatforms":[],"multiprocessCompatible":true,"seen":true,"dependencies":[],"hasEmbeddedWebExtension":false,"mpcOptedOut":false,"userPermissions":null,"icons":{},"iconURL":null,"icon64URL":null}
1504931660440	addons.xpi	DEBUG	Updating XPIState for {"id":"{972ce4c6-7e08-4474-a285-3208198ce6fd}","syncGUID":"{3824aad9-9d17-408a-829d-c9a0095403b5}","location":"app-global","version":"55.0.3","type":"theme","internalName":"classic/1.0","updateURL":null,"updateKey":null,"optionsURL":null,"optionsType":null,"optionsBrowserStyle":null,"aboutURL":null,"defaultLocale":{"name":"Default","description":"The default theme.","creator":"Mozilla","homepageURL":null,"contributors":["Mozilla Contributors"]},"visible":true,"active":true,"userDisabled":false,"appDisabled":false,"installDate":1503583803000,"updateDate":1503583803000,"applyBackgroundUpdates":1,"path":"c:\\Program Files\\Mozilla Firefox\\browser\\extensions\\{972ce4c6-7e08-4474-a285-3208198ce6fd}.xpi","skinnable":true,"size":7559,"sourceURI":null,"releaseNotesURI":null,"softDisabled":false,"foreignInstall":false,"hasBinaryComponents":false,"strictCompatibility":true,"locales":[],"targetApplications":[{"id":"{ec8030f7-c20a-464f-9b0e-13a3a9e97384}","minVersion":"55.0.3","maxVersion":"55.0.3"}],"targetPlatforms":[],"seen":true,"dependencies":[],"hasEmbeddedWebExtension":false,"userPermissions":null,"icons":{},"iconURL":"chrome://browser/content/default-theme-icon.svg","icon64URL":null}
1504931660441	DeferredSave.extensions.json	DEBUG	Save changes
1504931660441	addons.xpi	DEBUG	Updating database with changes to installed add-ons
1504931660441	addons.xpi-utils	DEBUG	Updating add-on states
1504931660445	addons.xpi	DEBUG	Registering manifest for c:\Program Files\Mozilla Firefox\browser\features\aushelper@mozilla.org.xpi
1504931660445	addons.xpi	DEBUG	Calling bootstrap method startup on aushelper@mozilla.org version 2.0
1504931660446	addons.xpi	DEBUG	Registering manifest for c:\Program Files\Mozilla Firefox\browser\features\clicktoplay-rollout@mozilla.org.xpi
1504931660447	addons.xpi	DEBUG	Calling bootstrap method startup on clicktoplay-rollout@mozilla.org version 1.2
1504931660480	addons.xpi	DEBUG	Registering manifest for c:\Program Files\Mozilla Firefox\browser\features\e10srollout@mozilla.org.xpi
1504931660480	addons.xpi	DEBUG	Calling bootstrap method startup on e10srollout@mozilla.org version 2.0
1504931660480	addons.xpi	DEBUG	Registering manifest for c:\Program Files\Mozilla Firefox\browser\features\firefox@getpocket.com.xpi
1504931660481	addons.xpi	DEBUG	Calling bootstrap method startup on firefox@getpocket.com version 1.0.5
1504931660505	addons.xpi	DEBUG	Registering manifest for c:\Program Files\Mozilla Firefox\browser\features\followonsearch@mozilla.com.xpi
1504931660505	addons.xpi	DEBUG	Calling bootstrap method startup on followonsearch@mozilla.com version 0.9.1
1504931660506	addons.xpi	DEBUG	Registering manifest for c:\Program Files\Mozilla Firefox\browser\features\screenshots@mozilla.org.xpi
1504931660506	addons.xpi	DEBUG	Calling bootstrap method startup on screenshots@mozilla.org version 10.12.0
1504931660506	addons.xpi	DEBUG	Registering manifest for c:\Program Files\Mozilla Firefox\browser\features\shield-recipe-client@mozilla.org.xpi
1504931660506	addons.xpi	DEBUG	Calling bootstrap method startup on shield-recipe-client@mozilla.org version 55.1
1504931660512	addons.xpi	DEBUG	Registering manifest for c:\Program Files\Mozilla Firefox\browser\features\webcompat@mozilla.org.xpi
1504931660512	addons.xpi	DEBUG	Calling bootstrap method startup on webcompat@mozilla.org version 1.1
1504931660516	addons.manager	DEBUG	Registering shutdown blocker for XPIProvider
1504931660516	addons.manager	DEBUG	Provider finished startup: XPIProvider
1504931660516	addons.manager	DEBUG	Starting provider: LightweightThemeManager
1504931660516	addons.manager	DEBUG	Registering shutdown blocker for LightweightThemeManager
1504931660516	addons.manager	DEBUG	Provider finished startup: LightweightThemeManager
1504931660517	addons.manager	DEBUG	Starting provider: GMPProvider
1504931660519	addons.manager	DEBUG	Registering shutdown blocker for GMPProvider
1504931660520	addons.manager	DEBUG	Provider finished startup: GMPProvider
1504931660520	addons.manager	DEBUG	Starting provider: PluginProvider
1504931660520	addons.manager	DEBUG	Registering shutdown blocker for PluginProvider
1504931660520	addons.manager	DEBUG	Provider finished startup: PluginProvider
1504931660520	addons.manager	DEBUG	Completed startup sequence
1504931660608	Marionette	INFO	Enabled via --marionette
1504931661077	addons.manager	DEBUG	Starting provider: PreviousExperimentProvider
1504931661077	addons.manager	DEBUG	Registering shutdown blocker for PreviousExperimentProvider
1504931661077	addons.manager	DEBUG	Provider finished startup: PreviousExperimentProvider
1504931661078	DeferredSave.extensions.json	DEBUG	Starting write
1504931661208	DeferredSave.extensions.json	DEBUG	Write succeeded
1504931661208	addons.xpi-utils	DEBUG	XPI Database saved, setting schema version preference to 21
1504931661749	addons.manager	DEBUG	Starting provider: <unnamed-provider>
1504931661749	addons.manager	DEBUG	Registering shutdown blocker for <unnamed-provider>
1504931661750	addons.manager	DEBUG	Provider finished startup: <unnamed-provider>
1504931661751	addons.xpi	INFO	Mapping aushelper@mozilla.org to c:\Program Files\Mozilla Firefox\browser\features\aushelper@mozilla.org.xpi
1504931661751	addons.xpi	INFO	Mapping clicktoplay-rollout@mozilla.org to c:\Program Files\Mozilla Firefox\browser\features\clicktoplay-rollout@mozilla.org.xpi
1504931661751	addons.xpi	INFO	Mapping e10srollout@mozilla.org to c:\Program Files\Mozilla Firefox\browser\features\e10srollout@mozilla.org.xpi
1504931661751	addons.xpi	INFO	Mapping firefox@getpocket.com to c:\Program Files\Mozilla Firefox\browser\features\firefox@getpocket.com.xpi
1504931661751	addons.xpi	INFO	Mapping followonsearch@mozilla.com to c:\Program Files\Mozilla Firefox\browser\features\followonsearch@mozilla.com.xpi
1504931661751	addons.xpi	INFO	Mapping screenshots@mozilla.org to c:\Program Files\Mozilla Firefox\browser\features\screenshots@mozilla.org.xpi
1504931661751	addons.xpi	INFO	Mapping shield-recipe-client@mozilla.org to c:\Program Files\Mozilla Firefox\browser\features\shield-recipe-client@mozilla.org.xpi
1504931661752	addons.xpi	INFO	Mapping webcompat@mozilla.org to c:\Program Files\Mozilla Firefox\browser\features\webcompat@mozilla.org.xpi
1504931661752	addons.xpi	DEBUG	Existing add-on aushelper@mozilla.org in app-system-defaults
1504931661752	addons.xpi	DEBUG	Existing add-on clicktoplay-rollout@mozilla.org in app-system-defaults
1504931661752	addons.xpi	DEBUG	Existing add-on e10srollout@mozilla.org in app-system-defaults
1504931661753	addons.xpi	DEBUG	Existing add-on firefox@getpocket.com in app-system-defaults
1504931661753	addons.xpi	DEBUG	Existing add-on followonsearch@mozilla.com in app-system-defaults
1504931661753	addons.xpi	DEBUG	Existing add-on screenshots@mozilla.org in app-system-defaults
1504931661753	addons.xpi	DEBUG	Existing add-on shield-recipe-client@mozilla.org in app-system-defaults
1504931661753	addons.xpi	DEBUG	Existing add-on webcompat@mozilla.org in app-system-defaults
1504931661754	addons.xpi	INFO	Mapping {972ce4c6-7e08-4474-a285-3208198ce6fd} to c:\Program Files\Mozilla Firefox\browser\extensions\{972ce4c6-7e08-4474-a285-3208198ce6fd}.xpi
1504931661754	addons.xpi	DEBUG	Existing add-on {972ce4c6-7e08-4474-a285-3208198ce6fd} in app-global
1504931661754	addons.xpi	DEBUG	getInstallState changed: false, state: {}
[GPU 179184] WARNING: pipe error: 109: file c:/builds/moz2_slave/m-rel-w64-00000000000000000000/build/src/ipc/chromium/src/chrome/common/ipc_channel_win.cc, line 346
[Child 186328] WARNING: pipe error: 109: file c:/builds/moz2_slave/m-rel-w64-00000000000000000000/build/src/ipc/chromium/src/chrome/common/ipc_channel_win.cc, line 346
[Child 186328] WARNING: pipe error: 109: file c:/builds/moz2_slave/m-rel-w64-00000000000000000000/build/src/ipc/chromium/src/chrome/common/ipc_channel_win.cc, line 346
1504931661805	addons.productaddons	INFO	sending request to: https://aus5.mozilla.org/update/3/GMP/55.0.3/20170824053622/WINNT_x86_64-msvc-x64/en-US/release/Windows_NT%2010.0.0.0%20(x64)/default/default/update.xml
1504931661866	Marionette	INFO	Listening on port 56925
1504931661883	Marionette	INFO	Listening on port 56925
1504931662188	Marionette	WARN	TLS certificate errors will be ignored for this session
1504931662217	Marionette	DEBUG	loaded listener.js
1504931663793	addons.productaddons	INFO	Completed downloading document
1504931665331	addons.productaddons	INFO	downloadXHR File download. status=200
1504931665332	addons.productaddons	INFO	Downloaded file will be saved to C:\Users\dwringer\AppData\Local\Temp\tmpaddon
1504931672403	addons.productaddons	INFO	downloadXHR File download. status=200
1504931672405	addons.productaddons	INFO	Downloaded file will be saved to C:\Users\dwringer\AppData\Local\Temp\tmpaddon
1504931689172	Marionette	DEBUG	Received DOM event "beforeunload" for "about:blank"
1504931692088	Marionette	DEBUG	Received DOM event "pagehide" for "about:blank"
1504931692089	Marionette	DEBUG	Received DOM event "unload" for "about:blank"
1504931692387	Marionette	DEBUG	Received DOM event "DOMContentLoaded" for "https://www.google.fr/?gfe_rd=cr&dcr=0&ei=aW-zWfy4Bc7AsAHu347wDw&gws_rd=ssl"
1504931695472	Marionette	DEBUG	Received DOM event "pageshow" for "https://www.google.fr/?gfe_rd=cr&dcr=0&ei=aW-zWfy4Bc7AsAHu347wDw&gws_rd=ssl"
[Child 185916] WARNING: pipe error: 109: file c:/builds/moz2_slave/m-rel-w64-00000000000000000000/build/src/ipc/chromium/src/chrome/common/ipc_channel_win.cc, line 346
[Child 185916] WARNING: pipe error: 109: file c:/builds/moz2_slave/m-rel-w64-00000000000000000000/build/src/ipc/chromium/src/chrome/common/ipc_channel_win.cc, line 346
1504931722792	addons.xpi	DEBUG	Calling bootstrap method shutdown on webcompat@mozilla.org version 1.1
1504931722792	addons.xpi	DEBUG	Calling bootstrap method shutdown on shield-recipe-client@mozilla.org version 55.1
1504931722794	addons.xpi	DEBUG	Calling bootstrap method shutdown on screenshots@mozilla.org version 10.12.0
1504931722795	addons.xpi	DEBUG	Calling bootstrap method shutdown on followonsearch@mozilla.com version 0.9.1
1504931722795	addons.xpi	DEBUG	Calling bootstrap method shutdown on firefox@getpocket.com version 1.0.5
1504931722796	addons.xpi	DEBUG	Calling bootstrap method shutdown on e10srollout@mozilla.org version 2.0
1504931722796	addons.xpi	DEBUG	Calling bootstrap method shutdown on clicktoplay-rollout@mozilla.org version 1.2
1504931722796	addons.xpi	DEBUG	Calling bootstrap method shutdown on aushelper@mozilla.org version 2.0
[GPU 179184] WARNING: pipe error: 109: file c:/builds/moz2_slave/m-rel-w64-00000000000000000000/build/src/ipc/chromium/src/chrome/common/ipc_channel_win.cc, line 346
1504931723021	addons.manager	DEBUG	shutdown
1504931723022	addons.manager	DEBUG	Calling shutdown blocker for XPIProvider
1504931723022	addons.xpi	DEBUG	shutdown
1504931723022	addons.xpi-utils	DEBUG	shutdown
1504931723023	addons.manager	DEBUG	Calling shutdown blocker for LightweightThemeManager
1504931723023	addons.manager	DEBUG	Calling shutdown blocker for GMPProvider
1504931723024	addons.manager	DEBUG	Calling shutdown blocker for PluginProvider
1504931723025	addons.manager	DEBUG	Calling shutdown blocker for PreviousExperimentProvider
1504931723025	addons.manager	DEBUG	Calling shutdown blocker for <unnamed-provider>
1504931723027	addons.xpi	DEBUG	Notifying XPI shutdown observers
1504931723032	addons.manager	DEBUG	Async provider shutdown done

###!!! [Child][MessageChannel::SendAndWait] Error: Channel error: cannot send/recv

